<?xml version="1.0" encoding="UTF-8"?>
<!-- Generated by org.testng.reporters.JUnitReportReporter -->
<testsuite hostname="DESKTOP-0Q5M4IO" failures="0" tests="1" name="ecommerce2.batch8TestNg2.NewTest" time="0.007" errors="0" timestamp="2023-12-03T17:14:46 BOT" skipped="0">
  <testcase classname="ecommerce2.batch8TestNg2.NewTest" name="f" time="0.007"/>
  <system-out/>
</testsuite> <!-- ecommerce2.batch8TestNg2.NewTest -->
